<?xml version="1.0" encoding="UTF-8"?>
<!-- Generated by org.testng.reporters.JUnitReportReporter -->
<testsuite hostname="NLPULTP8105079" failures="0" tests="1" name="oAuthPractice.AuthorizationServer" time="2.885" errors="0" timestamp="2024-06-23T18:16:17 IST" skipped="0">
  <testcase classname="oAuthPractice.AuthorizationServer" name="GenerateToken" time="2.885"/>
  <system-out/>
</testsuite> <!-- oAuthPractice.AuthorizationServer -->
