<?xml version="1.0" encoding="UTF-8"?>
<!-- Generated by org.testng.reporters.JUnitReportReporter -->
<testsuite hostname="NLPULTP8105079" failures="0" tests="3" name="bookAPI.DynamicJson" time="2.487" errors="0" timestamp="2024-06-23T08:09:09 IST" skipped="0">
  <testcase classname="bookAPI.DynamicJson" name="addBook" time="0.271"/>
  <system-out/>
  <testcase classname="bookAPI.DynamicJson" name="addBook" time="0.277"/>
  <system-out/>
  <testcase classname="bookAPI.DynamicJson" name="addBook" time="1.939"/>
  <system-out/>
</testsuite> <!-- bookAPI.DynamicJson -->
