<?xml version="1.0" encoding="UTF-8"?>
<!-- Generated by org.testng.reporters.JUnitReportReporter -->
<testsuite hostname="NLPULTP8105079" failures="0" tests="3" name="day4.ParsingJSONResponseData" time="2.476" errors="0" timestamp="2024-06-05T17:05:24 IST" skipped="0">
  <testcase classname="day4.ParsingJSONResponseData" name="testJSONResponse1" time="2.099"/>
  <system-out/>
  <testcase classname="day4.ParsingJSONResponseData" name="testJSONResponse" time="0.187"/>
  <system-out/>
  <testcase classname="day4.ParsingJSONResponseData" name="JsonBodyData" time="0.190"/>
  <system-out/>
</testsuite> <!-- day4.ParsingJSONResponseData -->
