<?xml version="1.0" encoding="UTF-8"?>
<!-- Generated by org.testng.reporters.JUnitReportReporter -->
<testsuite hostname="NLPULTP8105079" failures="0" tests="4" name="day1.HTTP_Method" time="4.771" errors="0" timestamp="2024-05-30T15:29:53 IST" skipped="0">
  <testcase classname="day1.HTTP_Method" name="getUsers" time="3.051"/>
  <system-out/>
  <testcase classname="day1.HTTP_Method" name="CreateUser" time="0.889"/>
  <system-out/>
  <testcase classname="day1.HTTP_Method" name="UpdateUser" time="0.449"/>
  <system-out/>
  <testcase classname="day1.HTTP_Method" name="DeleteUser" time="0.382"/>
  <system-out/>
</testsuite> <!-- day1.HTTP_Method -->
