<?xml version="1.0" encoding="UTF-8"?>
<!-- Generated by org.testng.reporters.JUnitReportReporter -->
<testsuite hostname="NLPULTP8105079" failures="0" tests="1" name="day3.CookiesDemo" time="1.990" errors="0" timestamp="2024-05-19T21:22:43 IST" skipped="0">
  <testcase classname="day3.CookiesDemo" name="getCookiesInfo" time="1.990"/>
  <system-out/>
</testsuite> <!-- day3.CookiesDemo -->
