<?xml version="1.0" encoding="UTF-8"?>
<!-- Generated by org.testng.reporters.JUnitReportReporter -->
<testsuite hostname="NLPULTP8105079" failures="0" tests="2" name="day6.SerializationDeserialization" time="0.468" errors="0" timestamp="2024-06-07T11:33:01 IST" skipped="0">
  <testcase classname="day6.SerializationDeserialization" name="ConvertPOJO2JSON" time="0.015"/>
  <system-out/>
  <testcase classname="day6.SerializationDeserialization" name="ConvertJSON2POJO" time="0.453"/>
  <system-out/>
</testsuite> <!-- day6.SerializationDeserialization -->
