<?xml version="1.0" encoding="UTF-8"?>
<!-- Generated by org.testng.reporters.JUnitReportReporter -->
<testsuite hostname="NLPULTP8105079" failures="0" tests="1" name="day6.JSONSchemaValidation" time="2.348" errors="0" timestamp="2024-06-07T10:28:19 IST" skipped="0">
  <testcase classname="day6.JSONSchemaValidation" name="jsonSchemaValidation" time="2.348"/>
  <system-out/>
</testsuite> <!-- day6.JSONSchemaValidation -->
