<?xml version="1.0" encoding="UTF-8"?>
<!-- Generated by org.testng.reporters.JUnitReportReporter -->
<testsuite hostname="NLPULTP8105079" failures="0" tests="1" name="day3.PathAndQueryParam" time="2.069" errors="0" timestamp="2024-05-19T18:57:45 IST" skipped="0">
  <testcase classname="day3.PathAndQueryParam" name="TestQueryAndPath" time="2.069"/>
  <system-out/>
</testsuite> <!-- day3.PathAndQueryParam -->
