<?xml version="1.0" encoding="UTF-8"?>
<!-- Generated by org.testng.reporters.JUnitReportReporter -->
<testsuite hostname="NLPULTP8105079" failures="0" tests="1" name="day3.LogAll" time="1.170" errors="0" timestamp="2024-05-19T21:47:03 IST" skipped="0">
  <testcase classname="day3.LogAll" name="logsMethodCheck" time="1.170"/>
  <system-out/>
</testsuite> <!-- day3.LogAll -->
