<?xml version="1.0" encoding="UTF-8"?>
<!-- Generated by org.testng.reporters.JUnitReportReporter -->
<testsuite hostname="NLPULTP8105079" failures="0" tests="1" name="bookAPI.DynamicJson" time="2.071" errors="0" timestamp="2024-06-22T18:14:06 IST" skipped="0">
  <testcase classname="bookAPI.DynamicJson" name="AddBook" time="2.071"/>
  <system-out/>
</testsuite> <!-- bookAPI.DynamicJson -->
