<?xml version="1.0" encoding="UTF-8"?>
<!-- Generated by org.testng.reporters.JUnitReportReporter -->
<testsuite hostname="NLPULTP8105079" failures="0" tests="3" name="testCases.TestMethods_GoogleSearch" time="20.012" errors="0" timestamp="2024-05-10T17:57:51 IST" skipped="0">
  <testcase classname="testCases.TestMethods_GoogleSearch" name="SearchOperation" time="7.430"/>
  <system-out/>
  <testcase classname="testCases.TestMethods_GoogleSearch" name="VerifyAndAccessFacebook" time="0.856"/>
  <system-out/>
  <testcase classname="testCases.TestMethods_GoogleSearch" name="VerifyLogin" time="11.726"/>
  <system-out/>
</testsuite> <!-- testCases.TestMethods_GoogleSearch -->
