<?xml version="1.0" encoding="UTF-8"?>
<!-- Generated by org.testng.reporters.JUnitReportReporter -->
<testsuite hostname="NLPULTP8105079" failures="0" tests="1" name="testCases.ReadDataFromProperties" time="4.062" errors="0" timestamp="2024-07-14T20:17:49 IST" skipped="0">
  <testcase classname="testCases.ReadDataFromProperties" name="InvokeBrowser" time="4.062"/>
  <system-out/>
</testsuite> <!-- testCases.ReadDataFromProperties -->
