<?xml version="1.0" encoding="UTF-8"?>
<!-- Generated by org.testng.reporters.JUnitReportReporter -->
<testsuite hostname="NLPULTP8105079" failures="0" tests="2" name="testCases.MouseHover" time="7.247" errors="0" timestamp="2024-04-27T13:09:59 IST" skipped="1">
  <testcase classname="testCases.MouseHover" name="autoSuggestion" time="7.247"/>
  <system-out/>
  <testcase classname="testCases.MouseHover" name="mouseHover">
    <skipped/>
  </testcase> <!-- mouseHover -->
  <system-out/>
</testsuite> <!-- testCases.MouseHover -->
