<?xml version="1.0" encoding="UTF-8"?>
<!-- Generated by org.testng.reporters.JUnitReportReporter -->
<testsuite hostname="NLPULTP8105079" failures="0" tests="6" name="testCases.ParallelTestingUsingXML" time="15.561" errors="0" timestamp="2024-07-08T22:05:55 IST" skipped="0">
  <testcase classname="testCases.ParallelTestingUsingXML" name="getImage" time="5.058"/>
  <system-out/>
  <testcase classname="testCases.ParallelTestingUsingXML" name="getImage" time="5.345"/>
  <system-out/>
  <testcase classname="testCases.ParallelTestingUsingXML" name="getImage" time="5.072"/>
  <system-out/>
  <testcase classname="testCases.ParallelTestingUsingXML" name="getTitle" time="0.017"/>
  <system-out/>
  <testcase classname="testCases.ParallelTestingUsingXML" name="getTitle" time="0.059"/>
  <system-out/>
  <testcase classname="testCases.ParallelTestingUsingXML" name="getTitle" time="0.010"/>
  <system-out/>
</testsuite> <!-- testCases.ParallelTestingUsingXML -->
