<?xml version="1.0" encoding="UTF-8"?>
<!-- Generated by org.testng.reporters.JUnitReportReporter -->
<testsuite hostname="NLPULTP8105079" failures="0" tests="1" name="testCases.RadioButton" time="8.382" errors="0" timestamp="2024-04-22T18:52:16 IST" skipped="0">
  <testcase classname="testCases.RadioButton" name="RadioButtonCheck" time="8.382"/>
</testsuite> <!-- testCases.RadioButton -->
