<?xml version="1.0" encoding="UTF-8"?>
<!-- Generated by org.testng.reporters.JUnitReportReporter -->
<testsuite hostname="NLPULTP8105079" failures="0" tests="3" name="testCases.TakeScreenshots" time="12.931" errors="0" timestamp="2024-07-17T19:52:49 IST" skipped="0">
  <testcase classname="testCases.TakeScreenshots" name="TakeFullPageScreenShot" time="5.140"/>
  <system-out/>
  <testcase classname="testCases.TakeScreenshots" name="TakeScreenShotAtSectionOFPage" time="4.034"/>
  <system-out/>
  <testcase classname="testCases.TakeScreenshots" name="TakeScreenShotAtElementOFPage" time="3.757"/>
  <system-out/>
</testsuite> <!-- testCases.TakeScreenshots -->
