<?xml version="1.0" encoding="UTF-8"?>
<!-- Generated by org.testng.reporters.JUnitReportReporter -->
<testsuite hostname="NLPULTP8105079" failures="0" tests="1" name="testCases.WindowHandles" time="6.701" errors="0" timestamp="2024-06-30T20:00:15 IST" skipped="0">
  <testcase classname="testCases.WindowHandles" name="MultipleTab" time="6.701"/>
  <system-out/>
</testsuite> <!-- testCases.WindowHandles -->
