<?xml version="1.0" encoding="UTF-8"?>
<!-- Generated by org.testng.reporters.JUnitReportReporter -->
<testsuite hostname="NLPULTP8105079" failures="0" tests="1" name="testCases.DropDown" time="6.233" errors="0" timestamp="2024-04-25T20:39:11 IST" skipped="0">
  <testcase classname="testCases.DropDown" name="drpdwn" time="6.233"/>
  <system-out/>
</testsuite> <!-- testCases.DropDown -->
