<?xml version="1.0" encoding="UTF-8"?>
<!-- Generated by org.testng.reporters.JUnitReportReporter -->
<testsuite hostname="NLPULTP8105079" failures="0" tests="1" name="testCases.SwitchWindow" time="7.549" errors="0" timestamp="2024-04-26T17:55:28 IST" skipped="0">
  <testcase classname="testCases.SwitchWindow" name="swtwindow" time="7.549"/>
  <system-out/>
</testsuite> <!-- testCases.SwitchWindow -->
