<?xml version="1.0" encoding="UTF-8"?>
<!-- Generated by org.testng.reporters.JUnitReportReporter -->
<testsuite hostname="NLPULTP8105079" failures="0" tests="1" name="testCases.Select1" time="17.330" errors="0" timestamp="2024-04-25T19:58:51 IST" skipped="0">
  <testcase classname="testCases.Select1" name="SelectAllOptionsCheck" time="17.330"/>
  <system-out/>
</testsuite> <!-- testCases.Select1 -->
