<?xml version="1.0" encoding="UTF-8"?>
<!-- Generated by org.testng.reporters.JUnitReportReporter -->
<testsuite hostname="NLPULTP8105079" failures="0" tests="1" name="testCases.Hide" time="6.443" errors="0" timestamp="2024-04-27T12:11:17 IST" skipped="0">
  <testcase classname="testCases.Hide" name="HideAndShow" time="6.443"/>
  <system-out/>
</testsuite> <!-- testCases.Hide -->
