<?xml version="1.0" encoding="UTF-8"?>
<!-- Generated by org.testng.reporters.JUnitReportReporter -->
<testsuite hostname="NLPULTP8105079" failures="0" tests="1" name="testCases.OpenWindowinIncognito" time="4.146" errors="0" timestamp="2024-05-03T15:48:45 IST" skipped="0">
  <testcase classname="testCases.OpenWindowinIncognito" name="Incognito" time="4.146"/>
  <system-out/>
</testsuite> <!-- testCases.OpenWindowinIncognito -->
