<?xml version="1.0" encoding="UTF-8"?>
<!-- Generated by org.testng.reporters.JUnitReportReporter -->
<testsuite hostname="NLPULTP8105079" failures="0" tests="1" name="testCases.TabHandling" time="5.267" errors="0" timestamp="2024-04-26T17:54:43 IST" skipped="0">
  <testcase classname="testCases.TabHandling" name="tabHandle" time="5.267"/>
  <system-out/>
</testsuite> <!-- testCases.TabHandling -->
