<?xml version="1.0" encoding="UTF-8"?>
<!-- Generated by org.testng.reporters.JUnitReportReporter -->
<testsuite hostname="NLPULTP8105079" failures="0" tests="2" name="testCases.AlertExmp" time="20.330" errors="0" timestamp="2024-04-26T18:37:04 IST" skipped="0">
  <testcase classname="testCases.AlertExmp" name="alert" time="11.270"/>
  <system-out/>
  <testcase classname="testCases.AlertExmp" name="confirm" time="9.060"/>
  <system-out/>
</testsuite> <!-- testCases.AlertExmp -->
